[0.046s] Invoking command in '/home/duy_dev/dev_ws/build/my_package': CMAKE_PREFIX_PATH=/opt/ros/humble /usr/bin/cmake /home/duy_dev/dev_ws/src/my_package -DAMENT_CMAKE_SYMLINK_INSTALL=1 -DCMAKE_INSTALL_PREFIX=/home/duy_dev/dev_ws/install/my_package
[0.145s] -- The C compiler identification is GNU 11.4.0
[0.267s] -- The CXX compiler identification is GNU 11.4.0
[0.276s] -- Detecting C compiler ABI info
[0.341s] -- Detecting C compiler ABI info - done
[0.348s] -- Check for working C compiler: /usr/bin/cc - skipped
[0.349s] -- Detecting C compile features
[0.349s] -- Detecting C compile features - done
[0.353s] -- Detecting CXX compiler ABI info
[0.429s] -- Detecting CXX compiler ABI info - done
[0.436s] -- Check for working CXX compiler: /usr/bin/c++ - skipped
[0.437s] -- Detecting CXX compile features
[0.437s] -- Detecting CXX compile features - done
[0.440s] -- Found ament_cmake: 1.3.5 (/opt/ros/humble/share/ament_cmake/cmake)
[0.592s] -- Found Python3: /usr/bin/python3.10 (found version "3.10.12") found components: Interpreter 
[0.650s] -- Override CMake install command with custom implementation using symlinks instead of copying resources
[0.678s] -- Found ament_lint_auto: 0.12.8 (/opt/ros/humble/share/ament_lint_auto/cmake)
[0.752s] -- Added test 'flake8' to check Python code syntax and style conventions
[0.752s] -- Added test 'lint_cmake' to check CMake code style
[0.753s] -- Added test 'pep257' to check Python code against some of the docstring style conventions in PEP 257
[0.754s] -- Added test 'xmllint' to check XML markup files
[0.756s] -- Configuring done
[0.759s] -- Generating done
[0.760s] -- Build files have been written to: /home/duy_dev/dev_ws/build/my_package
[0.764s] Invoked command in '/home/duy_dev/dev_ws/build/my_package' returned '0': CMAKE_PREFIX_PATH=/opt/ros/humble /usr/bin/cmake /home/duy_dev/dev_ws/src/my_package -DAMENT_CMAKE_SYMLINK_INSTALL=1 -DCMAKE_INSTALL_PREFIX=/home/duy_dev/dev_ws/install/my_package
[0.765s] Invoking command in '/home/duy_dev/dev_ws/build/my_package': CMAKE_PREFIX_PATH=/opt/ros/humble /usr/bin/cmake --build /home/duy_dev/dev_ws/build/my_package -- -j8 -l8
[0.802s] Invoked command in '/home/duy_dev/dev_ws/build/my_package' returned '0': CMAKE_PREFIX_PATH=/opt/ros/humble /usr/bin/cmake --build /home/duy_dev/dev_ws/build/my_package -- -j8 -l8
[0.833s] Invoking command in '/home/duy_dev/dev_ws/build/my_package': CMAKE_PREFIX_PATH=/opt/ros/humble /usr/bin/cmake --install /home/duy_dev/dev_ws/build/my_package
[0.840s] -- Install configuration: ""
[0.841s] -- Execute custom install script
[0.841s] -- Symlinking: /home/duy_dev/dev_ws/install/my_package/share/ament_index/resource_index/package_run_dependencies/my_package
[0.850s] -- Symlinking: /home/duy_dev/dev_ws/install/my_package/share/ament_index/resource_index/parent_prefix_path/my_package
[0.859s] -- Symlinking: /home/duy_dev/dev_ws/install/my_package/share/my_package/environment/ament_prefix_path.sh
[0.868s] -- Symlinking: /home/duy_dev/dev_ws/install/my_package/share/my_package/environment/ament_prefix_path.dsv
[0.877s] -- Symlinking: /home/duy_dev/dev_ws/install/my_package/share/my_package/environment/path.sh
[0.885s] -- Symlinking: /home/duy_dev/dev_ws/install/my_package/share/my_package/environment/path.dsv
[0.894s] -- Symlinking: /home/duy_dev/dev_ws/install/my_package/share/my_package/local_setup.bash
[0.903s] -- Symlinking: /home/duy_dev/dev_ws/install/my_package/share/my_package/local_setup.sh
[0.911s] -- Symlinking: /home/duy_dev/dev_ws/install/my_package/share/my_package/local_setup.zsh
[0.919s] -- Symlinking: /home/duy_dev/dev_ws/install/my_package/share/my_package/local_setup.dsv
[0.928s] -- Symlinking: /home/duy_dev/dev_ws/install/my_package/share/my_package/package.dsv
[0.936s] -- Symlinking: /home/duy_dev/dev_ws/install/my_package/share/ament_index/resource_index/packages/my_package
[0.945s] -- Symlinking: /home/duy_dev/dev_ws/install/my_package/share/my_package/cmake/my_packageConfig.cmake
[0.953s] -- Symlinking: /home/duy_dev/dev_ws/install/my_package/share/my_package/cmake/my_packageConfig-version.cmake
[0.961s] -- Symlinking: /home/duy_dev/dev_ws/install/my_package/share/my_package/package.xml
[0.971s] Invoked command in '/home/duy_dev/dev_ws/build/my_package' returned '0': CMAKE_PREFIX_PATH=/opt/ros/humble /usr/bin/cmake --install /home/duy_dev/dev_ws/build/my_package
