[0.024s] Invoking command in '/home/duy_dev/dev_ws/build/my_package': /usr/bin/cmake --build /home/duy_dev/dev_ws/build/my_package -- -j8 -l8
[0.081s] Invoked command in '/home/duy_dev/dev_ws/build/my_package' returned '0': /usr/bin/cmake --build /home/duy_dev/dev_ws/build/my_package -- -j8 -l8
[0.111s] Invoking command in '/home/duy_dev/dev_ws/build/my_package': /usr/bin/cmake --install /home/duy_dev/dev_ws/build/my_package
[0.117s] -- Install configuration: ""
[0.118s] -- Execute custom install script
[0.118s] -- Up-to-date symlink: /home/duy_dev/dev_ws/install/my_package/share/ament_index/resource_index/package_run_dependencies/my_package
[0.119s] -- Up-to-date symlink: /home/duy_dev/dev_ws/install/my_package/share/ament_index/resource_index/parent_prefix_path/my_package
[0.119s] -- Up-to-date symlink: /home/duy_dev/dev_ws/install/my_package/share/my_package/environment/ament_prefix_path.sh
[0.119s] -- Up-to-date symlink: /home/duy_dev/dev_ws/install/my_package/share/my_package/environment/ament_prefix_path.dsv
[0.119s] -- Up-to-date symlink: /home/duy_dev/dev_ws/install/my_package/share/my_package/environment/path.sh
[0.120s] -- Up-to-date symlink: /home/duy_dev/dev_ws/install/my_package/share/my_package/environment/path.dsv
[0.120s] -- Up-to-date symlink: /home/duy_dev/dev_ws/install/my_package/share/my_package/local_setup.bash
[0.120s] -- Up-to-date symlink: /home/duy_dev/dev_ws/install/my_package/share/my_package/local_setup.sh
[0.121s] -- Up-to-date symlink: /home/duy_dev/dev_ws/install/my_package/share/my_package/local_setup.zsh
[0.121s] -- Up-to-date symlink: /home/duy_dev/dev_ws/install/my_package/share/my_package/local_setup.dsv
[0.121s] -- Symlinking: /home/duy_dev/dev_ws/install/my_package/share/my_package/package.dsv
[0.130s] -- Up-to-date symlink: /home/duy_dev/dev_ws/install/my_package/share/ament_index/resource_index/packages/my_package
[0.130s] -- Up-to-date symlink: /home/duy_dev/dev_ws/install/my_package/share/my_package/cmake/my_packageConfig.cmake
[0.130s] -- Up-to-date symlink: /home/duy_dev/dev_ws/install/my_package/share/my_package/cmake/my_packageConfig-version.cmake
[0.130s] -- Up-to-date symlink: /home/duy_dev/dev_ws/install/my_package/share/my_package/package.xml
[0.133s] Invoked command in '/home/duy_dev/dev_ws/build/my_package' returned '0': /usr/bin/cmake --install /home/duy_dev/dev_ws/build/my_package
